<?xml version="1.0" encoding="UTF-8"?>
<testng-results ignored="0" total="28" passed="28" failed="0" skipped="0">
  <reporter-output>
  </reporter-output>
  <suite started-at="2025-07-05T17:33:54 IST" name="Default suite" finished-at="2025-07-05T17:37:47 IST" duration-ms="232460">
    <groups>
    </groups>
    <test started-at="2025-07-05T17:33:54 IST" name="Default test" finished-at="2025-07-05T17:37:47 IST" duration-ms="232460">
      <class name="org.ictkerala.testcases.OrangeTestCases">
        <test-method is-config="true" signature="configurations()[pri:0, instance:org.ictkerala.testcases.OrangeTestCases@1573f9fc]" started-at="2025-07-05T17:33:54 IST" name="configurations" finished-at="2025-07-05T17:34:01 IST" duration-ms="6315" status="PASS">
          <reporter-output>
          </reporter-output>
        </test-method> <!-- configurations -->
        <test-method is-config="true" signature="objinit()[pri:0, instance:org.ictkerala.testcases.OrangeTestCases@1573f9fc]" started-at="2025-07-05T17:34:01 IST" name="objinit" finished-at="2025-07-05T17:34:01 IST" duration-ms="5" status="PASS">
          <reporter-output>
          </reporter-output>
        </test-method> <!-- objinit -->
        <test-method signature="loginandnavigationtoPIM()[pri:0, instance:org.ictkerala.testcases.OrangeTestCases@1573f9fc]" started-at="2025-07-05T17:34:01 IST" name="loginandnavigationtoPIM" finished-at="2025-07-05T17:34:04 IST" duration-ms="3005" status="PASS">
          <reporter-output>
          </reporter-output>
        </test-method> <!-- loginandnavigationtoPIM -->
        <test-method signature="searchemployeebyname()[pri:1, instance:org.ictkerala.testcases.OrangeTestCases@1573f9fc]" started-at="2025-07-05T17:34:04 IST" name="searchemployeebyname" finished-at="2025-07-05T17:34:08 IST" duration-ms="4588" status="PASS">
          <reporter-output>
          </reporter-output>
        </test-method> <!-- searchemployeebyname -->
        <test-method signature="searchemployeebyId()[pri:2, instance:org.ictkerala.testcases.OrangeTestCases@1573f9fc]" started-at="2025-07-05T17:34:08 IST" name="searchemployeebyId" finished-at="2025-07-05T17:34:13 IST" duration-ms="4164" status="PASS">
          <reporter-output>
          </reporter-output>
        </test-method> <!-- searchemployeebyId -->
        <test-method signature="searchemployeebystatus()[pri:3, instance:org.ictkerala.testcases.OrangeTestCases@1573f9fc]" started-at="2025-07-05T17:34:13 IST" name="searchemployeebystatus" finished-at="2025-07-05T17:34:19 IST" duration-ms="6505" status="PASS">
          <reporter-output>
          </reporter-output>
        </test-method> <!-- searchemployeebystatus -->
        <test-method signature="searchbyincludes()[pri:4, instance:org.ictkerala.testcases.OrangeTestCases@1573f9fc]" started-at="2025-07-05T17:34:19 IST" name="searchbyincludes" finished-at="2025-07-05T17:34:26 IST" duration-ms="6452" status="PASS">
          <reporter-output>
          </reporter-output>
        </test-method> <!-- searchbyincludes -->
        <test-method signature="searchbyjobtitle()[pri:5, instance:org.ictkerala.testcases.OrangeTestCases@1573f9fc]" started-at="2025-07-05T17:34:26 IST" name="searchbyjobtitle" finished-at="2025-07-05T17:34:32 IST" duration-ms="6159" status="PASS">
          <reporter-output>
          </reporter-output>
        </test-method> <!-- searchbyjobtitle -->
        <test-method signature="viewemployeedetailsfromlist()[pri:6, instance:org.ictkerala.testcases.OrangeTestCases@1573f9fc]" started-at="2025-07-05T17:34:32 IST" name="viewemployeedetailsfromlist" finished-at="2025-07-05T17:34:41 IST" duration-ms="9260" status="PASS">
          <reporter-output>
          </reporter-output>
        </test-method> <!-- viewemployeedetailsfromlist -->
        <test-method signature="searchwithblankfields()[pri:7, instance:org.ictkerala.testcases.OrangeTestCases@1573f9fc]" started-at="2025-07-05T17:34:41 IST" name="searchwithblankfields" finished-at="2025-07-05T17:34:47 IST" duration-ms="5915" status="PASS">
          <reporter-output>
          </reporter-output>
        </test-method> <!-- searchwithblankfields -->
        <test-method signature="Resetallfilters()[pri:9, instance:org.ictkerala.testcases.OrangeTestCases@1573f9fc]" started-at="2025-07-05T17:34:47 IST" name="Resetallfilters" finished-at="2025-07-05T17:34:53 IST" duration-ms="6089" status="PASS">
          <reporter-output>
          </reporter-output>
        </test-method> <!-- Resetallfilters -->
        <test-method signature="searchwithinvaliddata()[pri:10, instance:org.ictkerala.testcases.OrangeTestCases@1573f9fc]" started-at="2025-07-05T17:34:53 IST" name="searchwithinvaliddata" finished-at="2025-07-05T17:35:00 IST" duration-ms="7411" status="PASS">
          <reporter-output>
          </reporter-output>
        </test-method> <!-- searchwithinvaliddata -->
        <test-method signature="searchusingspecialcharacter()[pri:11, instance:org.ictkerala.testcases.OrangeTestCases@1573f9fc]" started-at="2025-07-05T17:35:00 IST" name="searchusingspecialcharacter" finished-at="2025-07-05T17:35:07 IST" duration-ms="7006" status="PASS">
          <reporter-output>
          </reporter-output>
        </test-method> <!-- searchusingspecialcharacter -->
        <test-method signature="deletenamefromlist()[pri:12, instance:org.ictkerala.testcases.OrangeTestCases@1573f9fc]" started-at="2025-07-05T17:35:07 IST" name="deletenamefromlist" finished-at="2025-07-05T17:35:16 IST" duration-ms="8626" status="PASS">
          <reporter-output>
          </reporter-output>
        </test-method> <!-- deletenamefromlist -->
        <test-method signature="addnewemployee()[pri:13, instance:org.ictkerala.testcases.OrangeTestCases@1573f9fc]" started-at="2025-07-05T17:35:16 IST" name="addnewemployee" finished-at="2025-07-05T17:35:25 IST" duration-ms="8814" status="PASS">
          <reporter-output>
          </reporter-output>
        </test-method> <!-- addnewemployee -->
        <test-method signature="addemployeewithonlyfirstname()[pri:14, instance:org.ictkerala.testcases.OrangeTestCases@1573f9fc]" started-at="2025-07-05T17:35:25 IST" name="addemployeewithonlyfirstname" finished-at="2025-07-05T17:35:33 IST" duration-ms="8129" status="PASS">
          <reporter-output>
          </reporter-output>
        </test-method> <!-- addemployeewithonlyfirstname -->
        <test-method signature="addemployeewithexistingID()[pri:15, instance:org.ictkerala.testcases.OrangeTestCases@1573f9fc]" started-at="2025-07-05T17:35:33 IST" name="addemployeewithexistingID" finished-at="2025-07-05T17:35:41 IST" duration-ms="8247" status="PASS">
          <reporter-output>
          </reporter-output>
        </test-method> <!-- addemployeewithexistingID -->
        <test-method signature="canceladdemployeeprocess()[pri:17, instance:org.ictkerala.testcases.OrangeTestCases@1573f9fc]" started-at="2025-07-05T17:35:41 IST" name="canceladdemployeeprocess" finished-at="2025-07-05T17:35:50 IST" duration-ms="8776" status="PASS">
          <reporter-output>
          </reporter-output>
        </test-method> <!-- canceladdemployeeprocess -->
        <test-method signature="eneterlogincredential()[pri:18, instance:org.ictkerala.testcases.OrangeTestCases@1573f9fc]" started-at="2025-07-05T17:35:50 IST" name="eneterlogincredential" finished-at="2025-07-05T17:35:59 IST" duration-ms="9306" status="PASS">
          <reporter-output>
          </reporter-output>
        </test-method> <!-- eneterlogincredential -->
        <test-method signature="loginwithmismatchedpassword()[pri:19, instance:org.ictkerala.testcases.OrangeTestCases@1573f9fc]" started-at="2025-07-05T17:35:59 IST" name="loginwithmismatchedpassword" finished-at="2025-07-05T17:36:08 IST" duration-ms="8934" status="PASS">
          <reporter-output>
          </reporter-output>
        </test-method> <!-- loginwithmismatchedpassword -->
        <test-method signature="verifynewemployeepage()[pri:20, instance:org.ictkerala.testcases.OrangeTestCases@1573f9fc]" started-at="2025-07-05T17:36:08 IST" name="verifynewemployeepage" finished-at="2025-07-05T17:36:18 IST" duration-ms="10154" status="PASS">
          <reporter-output>
          </reporter-output>
        </test-method> <!-- verifynewemployeepage -->
        <test-method signature="verifyaddedemployeeinlistafterlogoutlogin()[pri:21, instance:org.ictkerala.testcases.OrangeTestCases@1573f9fc]" started-at="2025-07-05T17:36:18 IST" name="verifyaddedemployeeinlistafterlogoutlogin" finished-at="2025-07-05T17:36:25 IST" duration-ms="6714" status="PASS">
          <reporter-output>
          </reporter-output>
        </test-method> <!-- verifyaddedemployeeinlistafterlogoutlogin -->
        <test-method signature="verifyReportlist()[pri:22, instance:org.ictkerala.testcases.OrangeTestCases@1573f9fc]" started-at="2025-07-05T17:36:25 IST" name="verifyReportlist" finished-at="2025-07-05T17:36:38 IST" duration-ms="13041" status="PASS">
          <reporter-output>
          </reporter-output>
        </test-method> <!-- verifyReportlist -->
        <test-method signature="Searchreport()[pri:23, instance:org.ictkerala.testcases.OrangeTestCases@1573f9fc]" started-at="2025-07-05T17:36:38 IST" name="Searchreport" finished-at="2025-07-05T17:36:47 IST" duration-ms="9000" status="PASS">
          <reporter-output>
          </reporter-output>
        </test-method> <!-- Searchreport -->
        <test-method signature="AddReport()[pri:24, instance:org.ictkerala.testcases.OrangeTestCases@1573f9fc]" started-at="2025-07-05T17:36:47 IST" name="AddReport" finished-at="2025-07-05T17:36:57 IST" duration-ms="10007" status="PASS">
          <reporter-output>
          </reporter-output>
        </test-method> <!-- AddReport -->
        <test-method signature="addreportwithexistingname()[pri:25, instance:org.ictkerala.testcases.OrangeTestCases@1573f9fc]" started-at="2025-07-05T17:36:57 IST" name="addreportwithexistingname" finished-at="2025-07-05T17:37:07 IST" duration-ms="10142" status="PASS">
          <reporter-output>
          </reporter-output>
        </test-method> <!-- addreportwithexistingname -->
        <test-method signature="deletereport()[pri:26, instance:org.ictkerala.testcases.OrangeTestCases@1573f9fc]" started-at="2025-07-05T17:37:07 IST" name="deletereport" finished-at="2025-07-05T17:37:16 IST" duration-ms="8287" status="PASS">
          <reporter-output>
          </reporter-output>
        </test-method> <!-- deletereport -->
        <test-method signature="editreport()[pri:27, instance:org.ictkerala.testcases.OrangeTestCases@1573f9fc]" started-at="2025-07-05T17:37:16 IST" name="editreport" finished-at="2025-07-05T17:37:26 IST" duration-ms="9883" status="PASS">
          <reporter-output>
          </reporter-output>
        </test-method> <!-- editreport -->
        <test-method signature="canceladdreport()[pri:28, instance:org.ictkerala.testcases.OrangeTestCases@1573f9fc]" started-at="2025-07-05T17:37:26 IST" name="canceladdreport" finished-at="2025-07-05T17:37:37 IST" duration-ms="10951" status="PASS">
          <reporter-output>
          </reporter-output>
        </test-method> <!-- canceladdreport -->
        <test-method signature="addreportwithmissingfield()[pri:29, instance:org.ictkerala.testcases.OrangeTestCases@1573f9fc]" started-at="2025-07-05T17:37:37 IST" name="addreportwithmissingfield" finished-at="2025-07-05T17:37:47 IST" duration-ms="10384" status="PASS">
          <reporter-output>
          </reporter-output>
        </test-method> <!-- addreportwithmissingfield -->
      </class> <!-- org.ictkerala.testcases.OrangeTestCases -->
    </test> <!-- Default test -->
  </suite> <!-- Default suite -->
</testng-results>
