<?xml version="1.0" encoding="UTF-8"?>
<!-- Generated by org.testng.reporters.JUnitXMLReporter -->
<testsuite ignored="0" hostname="DESKTOP-HNSPC8L" failures="0" tests="2" name="Test" time="0.131" errors="0" timestamp="2025-07-02T20:16:01 IST">
  <testcase classname="org.ictkerala.base.PreSettings" name="@BeforeTest configurations" time="0.022">
    <failure type="java.io.FileNotFoundException" message="C:\Users\rubyn\git\OrangeHrmInternship\OrangeHrmInternship\test\resources\config.properties (The system cannot find the path specified)">
      <![CDATA[java.io.FileNotFoundException: C:\Users\rubyn\git\OrangeHrmInternship\OrangeHrmInternship\test\resources\config.properties (The system cannot find the path specified)
at java.base/java.io.FileInputStream.open0(Native Method)
at java.base/java.io.FileInputStream.open(FileInputStream.java:213)
at java.base/java.io.FileInputStream.<init>(FileInputStream.java:152)
at java.base/java.io.FileInputStream.<init>(FileInputStream.java:106)
at org.ictkerala.base.PreSettings.propload(PreSettings.java:21)
at org.ictkerala.base.PreSettings.configurations(PreSettings.java:27)
... Removed 22 stack frames]]>
    </failure>
  </testcase> <!-- @BeforeTest configurations -->
  <testcase classname="org.ictkerala.testcases.OrangeTestCases" name="@BeforeClass objinit" time="0.0">
    <skipped/>
  </testcase> <!-- @BeforeClass objinit -->
  <testcase classname="org.ictkerala.testcases.OrangeTestCases" name="TC011" time="0.0">
    <skipped/>
  </testcase> <!-- TC011 -->
  <testcase classname="org.ictkerala.testcases.OrangeTestCases" name="TC012" time="0.0">
    <skipped/>
  </testcase> <!-- TC012 -->
</testsuite> <!-- Test -->
